e:\王雪冰\工作\项目相关\[06]飞行包解析、编辑与显示\wxb\飞行包编辑_v0.0.1.180726_alpha\flyedit4_createsqlitetablesfromexcel\flyedit\debug\vc140.pdb
e:\王雪冰\工作\项目相关\[06]飞行包解析、编辑与显示\wxb\飞行包编辑_v0.0.1.180726_alpha\flyedit4_createsqlitetablesfromexcel\flyedit\debug\main.obj
e:\王雪冰\工作\项目相关\[06]飞行包解析、编辑与显示\wxb\飞行包编辑_v0.0.1.180726_alpha\flyedit4_createsqlitetablesfromexcel\flyedit\debug\moc_flyedit.obj
e:\王雪冰\工作\项目相关\[06]飞行包解析、编辑与显示\wxb\飞行包编辑_v0.0.1.180726_alpha\flyedit4_createsqlitetablesfromexcel\flyedit\debug\flyedit.obj
e:\王雪冰\工作\项目相关\[06]飞行包解析、编辑与显示\wxb\飞行包编辑_v0.0.1.180726_alpha\flyedit4_createsqlitetablesfromexcel\flyedit\debug\qrc_flyedit.obj
e:\王雪冰\工作\项目相关\[06]飞行包解析、编辑与显示\wxb\飞行包编辑_v0.0.1.180726_alpha\flyedit4_createsqlitetablesfromexcel\flyedit\generatedfiles\debug\moc_flyedit.cpp
e:\王雪冰\工作\项目相关\[06]飞行包解析、编辑与显示\wxb\飞行包编辑_v0.0.1.180726_alpha\flyedit4_createsqlitetablesfromexcel\flyedit\generatedfiles\ui_flyedit.h
e:\王雪冰\工作\项目相关\[06]飞行包解析、编辑与显示\wxb\飞行包编辑_v0.0.1.180726_alpha\flyedit4_createsqlitetablesfromexcel\flyedit\generatedfiles\qrc_flyedit.cpp
e:\王雪冰\工作\项目相关\[06]飞行包解析、编辑与显示\wxb\飞行包编辑_v0.0.1.180726_alpha\flyedit4_createsqlitetablesfromexcel\win32\debug\flyedit.pdb
e:\王雪冰\工作\项目相关\[06]飞行包解析、编辑与显示\wxb\飞行包编辑_v0.0.1.180726_alpha\flyedit4_createsqlitetablesfromexcel\flyedit\debug\flyedit.tlog\cl.command.1.tlog
e:\王雪冰\工作\项目相关\[06]飞行包解析、编辑与显示\wxb\飞行包编辑_v0.0.1.180726_alpha\flyedit4_createsqlitetablesfromexcel\flyedit\debug\flyedit.tlog\cl.read.1.tlog
e:\王雪冰\工作\项目相关\[06]飞行包解析、编辑与显示\wxb\飞行包编辑_v0.0.1.180726_alpha\flyedit4_createsqlitetablesfromexcel\flyedit\debug\flyedit.tlog\cl.write.1.tlog
e:\王雪冰\工作\项目相关\[06]飞行包解析、编辑与显示\wxb\飞行包编辑_v0.0.1.180726_alpha\flyedit4_createsqlitetablesfromexcel\flyedit\debug\flyedit.tlog\custombuild.command.1.tlog
e:\王雪冰\工作\项目相关\[06]飞行包解析、编辑与显示\wxb\飞行包编辑_v0.0.1.180726_alpha\flyedit4_createsqlitetablesfromexcel\flyedit\debug\flyedit.tlog\custombuild.read.1.tlog
e:\王雪冰\工作\项目相关\[06]飞行包解析、编辑与显示\wxb\飞行包编辑_v0.0.1.180726_alpha\flyedit4_createsqlitetablesfromexcel\flyedit\debug\flyedit.tlog\custombuild.write.1.tlog
e:\王雪冰\工作\项目相关\[06]飞行包解析、编辑与显示\wxb\飞行包编辑_v0.0.1.180726_alpha\flyedit4_createsqlitetablesfromexcel\flyedit\debug\flyedit.tlog\link-cvtres.read.1.tlog
e:\王雪冰\工作\项目相关\[06]飞行包解析、编辑与显示\wxb\飞行包编辑_v0.0.1.180726_alpha\flyedit4_createsqlitetablesfromexcel\flyedit\debug\flyedit.tlog\link-cvtres.write.1.tlog
e:\王雪冰\工作\项目相关\[06]飞行包解析、编辑与显示\wxb\飞行包编辑_v0.0.1.180726_alpha\flyedit4_createsqlitetablesfromexcel\flyedit\debug\flyedit.tlog\link-rc.read.1.tlog
e:\王雪冰\工作\项目相关\[06]飞行包解析、编辑与显示\wxb\飞行包编辑_v0.0.1.180726_alpha\flyedit4_createsqlitetablesfromexcel\flyedit\debug\flyedit.tlog\link-rc.write.1.tlog
e:\王雪冰\工作\项目相关\[06]飞行包解析、编辑与显示\wxb\飞行包编辑_v0.0.1.180726_alpha\flyedit4_createsqlitetablesfromexcel\flyedit\debug\flyedit.tlog\link.command.1.tlog
e:\王雪冰\工作\项目相关\[06]飞行包解析、编辑与显示\wxb\飞行包编辑_v0.0.1.180726_alpha\flyedit4_createsqlitetablesfromexcel\flyedit\debug\flyedit.tlog\link.read.1.tlog
e:\王雪冰\工作\项目相关\[06]飞行包解析、编辑与显示\wxb\飞行包编辑_v0.0.1.180726_alpha\flyedit4_createsqlitetablesfromexcel\flyedit\debug\flyedit.tlog\link.write.1.tlog
