生成启动时间为 2018/7/26 17:38:22。
     1>项目“D:\wxb\飞行包编辑_20180724\FlyEdit4_linkSQLite\FlyEdit\FlyEdit.vcxproj”在节点 2 上(Build 个目标)。
     1>CustomBuild:
         Moc'ing flyedit.h...
         Uic'ing flyedit.ui...
         Rcc'ing flyedit.qrc...
     1>RCC : warning : No resources in 'D:\wxb\椋炶鍖呯紪杈慱20180724\FlyEdit4_linkSQLite\FlyEdit\flyedit.qrc'.
         
       ClCompile:
         C:\Program Files (x86)\Microsoft Visual Studio 12.0\VC\bin\CL.exe /c /I.\GeneratedFiles /I. /IC:\Qt\Qt5.7.0\5.7\msvc2013\include /I.\GeneratedFiles\Debug /IC:\Qt\Qt5.7.0\5.7\msvc2013\include\QtCore /IC:\Qt\Qt5.7.0\5.7\msvc2013\include\QtGui /IC:\Qt\Qt5.7.0\5.7\msvc2013\include\QtSql /IC:\Qt\Qt5.7.0\5.7\msvc2013\include\QtWidgets /IC:\Qt\Qt5.7.0\5.7\msvc2013\include\QtXlsx /Zi /nologo /W1 /WX- /Od /Oy- /D UNICODE /D WIN32 /D WIN64 /D QT_DLL /D QT_CORE_LIB /D QT_GUI_LIB /D QT_SQL_LIB /D QT_WIDGETS_LIB /Gm- /EHsc /MDd /GS /fp:precise /Zc:wchar_t /Zc:forScope /Fo"Debug\\" /Fd"Debug\vc120.pdb" /Gd /TP /analyze- /errorReport:prompt flyedit.cpp GeneratedFiles\Debug\moc_flyedit.cpp main.cpp
         flyedit.cpp
         moc_flyedit.cpp
         main.cpp
         正在生成代码...
         C:\Program Files (x86)\Microsoft Visual Studio 12.0\VC\bin\CL.exe /c /I.\GeneratedFiles /I. /IC:\Qt\Qt5.7.0\5.7\msvc2013\include /I.\GeneratedFiles\Debug /IC:\Qt\Qt5.7.0\5.7\msvc2013\include\QtCore /IC:\Qt\Qt5.7.0\5.7\msvc2013\include\QtGui /IC:\Qt\Qt5.7.0\5.7\msvc2013\include\QtSql /IC:\Qt\Qt5.7.0\5.7\msvc2013\include\QtWidgets /IC:\Qt\Qt5.7.0\5.7\msvc2013\include\QtXlsx /Zi /nologo /W1 /WX- /Od /Oy- /D UNICODE /D WIN32 /D WIN64 /D QT_DLL /D QT_CORE_LIB /D QT_GUI_LIB /D QT_SQL_LIB /D QT_WIDGETS_LIB /Gm- /EHsc /MDd /GS /fp:precise /Zc:wchar_t /Zc:forScope /Fo"Debug\\" /Fd"Debug\vc120.pdb" /Gd /TP /analyze- /errorReport:prompt GeneratedFiles\qrc_flyedit.cpp
         qrc_flyedit.cpp
       Link:
         C:\Program Files (x86)\Microsoft Visual Studio 12.0\VC\bin\link.exe /ERRORREPORT:PROMPT /OUT:"D:\wxb\飞行包编辑_20180724\FlyEdit4_linkSQLite\Win32\Debug\\FlyEdit.exe" /NOLOGO /LIBPATH:C:\Qt\Qt5.7.0\5.7\msvc2013\lib qtmaind.lib Qt5Cored.lib Qt5Guid.lib Qt5Sqld.lib Qt5Widgetsd.lib Qt5Xlsxd.lib kernel32.lib user32.lib gdi32.lib winspool.lib comdlg32.lib advapi32.lib shell32.lib ole32.lib oleaut32.lib uuid.lib odbc32.lib odbccp32.lib /MANIFEST /MANIFESTUAC:"level='asInvoker' uiAccess='false'" /manifest:embed /DEBUG /PDB:"D:\wxb\飞行包编辑_20180724\FlyEdit4_linkSQLite\Win32\Debug\FlyEdit.pdb" /SUBSYSTEM:CONSOLE /TLBID:1 /DYNAMICBASE /NXCOMPAT /IMPLIB:"D:\wxb\飞行包编辑_20180724\FlyEdit4_linkSQLite\Win32\Debug\FlyEdit.lib" /MACHINE:X86 /SAFESEH Debug\flyedit.obj
         Debug\moc_flyedit.obj
         Debug\qrc_flyedit.obj
         Debug\main.obj
         FlyEdit.vcxproj -> D:\wxb\飞行包编辑_20180724\FlyEdit4_linkSQLite\Win32\Debug\FlyEdit.exe
     1>已完成生成项目“D:\wxb\飞行包编辑_20180724\FlyEdit4_linkSQLite\FlyEdit\FlyEdit.vcxproj”(Build 个目标)的操作。

生成成功。

已用时间 00:00:08.11
