d:\wxb\飞行包编辑_20180724\flyedit4_linksqlite\flyedit\debug\vc120.pdb
d:\wxb\飞行包编辑_20180724\flyedit4_linksqlite\flyedit\debug\main.obj
d:\wxb\飞行包编辑_20180724\flyedit4_linksqlite\flyedit\debug\moc_flyedit.obj
d:\wxb\飞行包编辑_20180724\flyedit4_linksqlite\flyedit\debug\flyedit.obj
d:\wxb\飞行包编辑_20180724\flyedit4_linksqlite\flyedit\debug\qrc_flyedit.obj
d:\wxb\飞行包编辑_20180726\flyedit4_createsqlitetablesfromexcel\flyedit\debug\vc120.pdb
d:\wxb\飞行包编辑_20180726\flyedit4_createsqlitetablesfromexcel\flyedit\debug\main.obj
d:\wxb\飞行包编辑_20180726\flyedit4_createsqlitetablesfromexcel\flyedit\debug\moc_flyedit.obj
d:\wxb\飞行包编辑_20180726\flyedit4_createsqlitetablesfromexcel\flyedit\debug\flyedit.obj
d:\wxb\飞行包编辑_20180726\flyedit4_createsqlitetablesfromexcel\flyedit\debug\qrc_flyedit.obj
d:\wxb\飞行包编辑_20180724\flyedit4_linksqlite\flyedit\generatedfiles\debug\moc_flyedit.cpp
d:\wxb\飞行包编辑_20180724\flyedit4_linksqlite\flyedit\generatedfiles\ui_flyedit.h
d:\wxb\飞行包编辑_20180724\flyedit4_linksqlite\flyedit\generatedfiles\qrc_flyedit.cpp
d:\wxb\飞行包编辑_20180726\flyedit4_createsqlitetablesfromexcel\flyedit\generatedfiles\debug\moc_flyedit.cpp
d:\wxb\飞行包编辑_20180726\flyedit4_createsqlitetablesfromexcel\flyedit\generatedfiles\ui_flyedit.h
d:\wxb\飞行包编辑_20180726\flyedit4_createsqlitetablesfromexcel\flyedit\generatedfiles\qrc_flyedit.cpp
d:\wxb\飞行包编辑_20180724\flyedit4_linksqlite\win32\debug\flyedit.ilk
d:\wxb\飞行包编辑_20180724\flyedit4_linksqlite\win32\debug\flyedit.exe
d:\wxb\飞行包编辑_20180724\flyedit4_linksqlite\win32\debug\flyedit.pdb
d:\wxb\飞行包编辑_20180726\flyedit4_createsqlitetablesfromexcel\win32\debug\flyedit.ilk
d:\wxb\飞行包编辑_20180726\flyedit4_createsqlitetablesfromexcel\win32\debug\flyedit.exe
d:\wxb\飞行包编辑_20180726\flyedit4_createsqlitetablesfromexcel\win32\debug\flyedit.pdb
d:\wxb\飞行包编辑_20180726\flyedit4_createsqlitetablesfromexcel\flyedit\debug\flyedit.tlog\cl.command.1.tlog
d:\wxb\飞行包编辑_20180726\flyedit4_createsqlitetablesfromexcel\flyedit\debug\flyedit.tlog\cl.read.1.tlog
d:\wxb\飞行包编辑_20180726\flyedit4_createsqlitetablesfromexcel\flyedit\debug\flyedit.tlog\cl.write.1.tlog
d:\wxb\飞行包编辑_20180726\flyedit4_createsqlitetablesfromexcel\flyedit\debug\flyedit.tlog\custombuild.command.1.tlog
d:\wxb\飞行包编辑_20180726\flyedit4_createsqlitetablesfromexcel\flyedit\debug\flyedit.tlog\custombuild.read.1.tlog
d:\wxb\飞行包编辑_20180726\flyedit4_createsqlitetablesfromexcel\flyedit\debug\flyedit.tlog\custombuild.write.1.tlog
d:\wxb\飞行包编辑_20180726\flyedit4_createsqlitetablesfromexcel\flyedit\debug\flyedit.tlog\link.command.1.tlog
d:\wxb\飞行包编辑_20180726\flyedit4_createsqlitetablesfromexcel\flyedit\debug\flyedit.tlog\link.read.1.tlog
d:\wxb\飞行包编辑_20180726\flyedit4_createsqlitetablesfromexcel\flyedit\debug\flyedit.tlog\link.write.1.tlog
