d:\wxb\飞行包编辑_20180716\flyedit - 副本\flyedit\debug\vc120.pdb
d:\wxb\飞行包编辑_20180716\flyedit - 副本\flyedit\debug\main.obj
d:\wxb\飞行包编辑_20180716\flyedit - 副本\flyedit\debug\moc_flyedit.obj
d:\wxb\飞行包编辑_20180716\flyedit - 副本\flyedit\debug\flyedit.obj
d:\wxb\飞行包编辑_20180716\flyedit - 副本\flyedit\debug\qrc_flyedit.obj
d:\wxb\飞行包编辑_20180716\flyedit - 副本\flyedit\generatedfiles\debug\moc_flyedit.cpp
d:\wxb\飞行包编辑_20180716\flyedit - 副本\flyedit\generatedfiles\ui_flyedit.h
d:\wxb\飞行包编辑_20180716\flyedit - 副本\flyedit\generatedfiles\qrc_flyedit.cpp
d:\wxb\飞行包编辑_20180716\flyedit - 副本\win32\debug\flyedit.ilk
d:\wxb\飞行包编辑_20180716\flyedit - 副本\win32\debug\flyedit.exe
d:\wxb\飞行包编辑_20180716\flyedit - 副本\win32\debug\flyedit.pdb
d:\wxb\飞行包编辑_20180716\flyedit - 副本\flyedit\debug\flyedit.tlog\cl.command.1.tlog
d:\wxb\飞行包编辑_20180716\flyedit - 副本\flyedit\debug\flyedit.tlog\cl.read.1.tlog
d:\wxb\飞行包编辑_20180716\flyedit - 副本\flyedit\debug\flyedit.tlog\cl.write.1.tlog
d:\wxb\飞行包编辑_20180716\flyedit - 副本\flyedit\debug\flyedit.tlog\custombuild.command.1.tlog
d:\wxb\飞行包编辑_20180716\flyedit - 副本\flyedit\debug\flyedit.tlog\custombuild.read.1.tlog
d:\wxb\飞行包编辑_20180716\flyedit - 副本\flyedit\debug\flyedit.tlog\custombuild.write.1.tlog
d:\wxb\飞行包编辑_20180716\flyedit - 副本\flyedit\debug\flyedit.tlog\link.command.1.tlog
d:\wxb\飞行包编辑_20180716\flyedit - 副本\flyedit\debug\flyedit.tlog\link.read.1.tlog
d:\wxb\飞行包编辑_20180716\flyedit - 副本\flyedit\debug\flyedit.tlog\link.write.1.tlog
