生成启动时间为 2018/7/20 16:38:52。
     1>项目“D:\wxb\QtXlsx_worksheetoperations\QtXlsx_worksheetoperations\QtXlsx_worksheetoperations.vcxproj”在节点 2 上(Build 个目标)。
     1>CustomBuild:
         Moc'ing qtxlsx_worksheetoperations.h...
         Uic'ing qtxlsx_worksheetoperations.ui...
         Rcc'ing qtxlsx_worksheetoperations.qrc...
     1>RCC : warning : No resources in 'D:\wxb\QtXlsx_worksheetoperations\QtXlsx_worksheetoperations\qtxlsx_worksheetoperations.qrc'.
         
       ClCompile:
         C:\Program Files (x86)\Microsoft Visual Studio 12.0\VC\bin\CL.exe /c /I.\GeneratedFiles /I. /IC:\Qt\Qt5.7.0\5.7\msvc2013\include /I.\GeneratedFiles\Debug /IC:\Qt\Qt5.7.0\5.7\msvc2013\include\QtCore /IC:\Qt\Qt5.7.0\5.7\msvc2013\include\QtGui /IC:\Qt\Qt5.7.0\5.7\msvc2013\include\QtWidgets /IC:\Qt\Qt5.7.0\5.7\msvc2013\include\QtXlsx /Zi /nologo /W1 /WX- /Od /Oy- /D UNICODE /D WIN32 /D WIN64 /D QT_DLL /D QT_CORE_LIB /D QT_GUI_LIB /D QT_WIDGETS_LIB /Gm- /EHsc /MDd /GS /fp:precise /Zc:wchar_t /Zc:forScope /Fo"Debug\\" /Fd"Debug\vc120.pdb" /Gd /TP /analyze- /errorReport:prompt GeneratedFiles\Debug\moc_qtxlsx_worksheetoperations.cpp main.cpp qtxlsx_worksheetoperations.cpp
         moc_qtxlsx_worksheetoperations.cpp
         main.cpp
         qtxlsx_worksheetoperations.cpp
         正在生成代码...
         C:\Program Files (x86)\Microsoft Visual Studio 12.0\VC\bin\CL.exe /c /I.\GeneratedFiles /I. /IC:\Qt\Qt5.7.0\5.7\msvc2013\include /I.\GeneratedFiles\Debug /IC:\Qt\Qt5.7.0\5.7\msvc2013\include\QtCore /IC:\Qt\Qt5.7.0\5.7\msvc2013\include\QtGui /IC:\Qt\Qt5.7.0\5.7\msvc2013\include\QtWidgets /IC:\Qt\Qt5.7.0\5.7\msvc2013\include\QtXlsx /Zi /nologo /W1 /WX- /Od /Oy- /D UNICODE /D WIN32 /D WIN64 /D QT_DLL /D QT_CORE_LIB /D QT_GUI_LIB /D QT_WIDGETS_LIB /Gm- /EHsc /MDd /GS /fp:precise /Zc:wchar_t /Zc:forScope /Fo"Debug\\" /Fd"Debug\vc120.pdb" /Gd /TP /analyze- /errorReport:prompt GeneratedFiles\qrc_qtxlsx_worksheetoperations.cpp
         qrc_qtxlsx_worksheetoperations.cpp
       Link:
         C:\Program Files (x86)\Microsoft Visual Studio 12.0\VC\bin\link.exe /ERRORREPORT:PROMPT /OUT:"D:\wxb\QtXlsx_worksheetoperations\Win32\Debug\\QtXlsx_worksheetoperations.exe" /NOLOGO /LIBPATH:C:\Qt\Qt5.7.0\5.7\msvc2013\lib qtmaind.lib Qt5Cored.lib Qt5Guid.lib Qt5Widgetsd.lib Qt5Xlsxd.lib kernel32.lib user32.lib gdi32.lib winspool.lib comdlg32.lib advapi32.lib shell32.lib ole32.lib oleaut32.lib uuid.lib odbc32.lib odbccp32.lib /MANIFEST /MANIFESTUAC:"level='asInvoker' uiAccess='false'" /manifest:embed /DEBUG /PDB:"D:\wxb\QtXlsx_worksheetoperations\Win32\Debug\QtXlsx_worksheetoperations.pdb" /SUBSYSTEM:WINDOWS /TLBID:1 /DYNAMICBASE /NXCOMPAT /IMPLIB:"D:\wxb\QtXlsx_worksheetoperations\Win32\Debug\QtXlsx_worksheetoperations.lib" /MACHINE:X86 /SAFESEH Debug\moc_qtxlsx_worksheetoperations.obj
         Debug\qrc_qtxlsx_worksheetoperations.obj
         Debug\main.obj
         Debug\qtxlsx_worksheetoperations.obj
         QtXlsx_worksheetoperations.vcxproj -> D:\wxb\QtXlsx_worksheetoperations\Win32\Debug\QtXlsx_worksheetoperations.exe
     1>已完成生成项目“D:\wxb\QtXlsx_worksheetoperations\QtXlsx_worksheetoperations\QtXlsx_worksheetoperations.vcxproj”(Build 个目标)的操作。

生成成功。

已用时间 00:00:07.56
