e:\王雪冰\工作\项目相关\飞行包编辑\flyedit\flyedit\x64\debug\vc140.pdb
e:\王雪冰\工作\项目相关\飞行包编辑\flyedit\flyedit\x64\debug\qrc_flyedit.obj
e:\王雪冰\工作\项目相关\飞行包编辑\flyedit\flyedit\x64\debug\main.obj
e:\王雪冰\工作\项目相关\飞行包编辑\flyedit\flyedit\x64\debug\moc_flyedit.obj
e:\王雪冰\工作\项目相关\飞行包编辑\flyedit\flyedit\x64\debug\flyedit.obj
e:\王雪冰\工作\项目相关\飞行包编辑\flyedit\flyedit\generatedfiles\qrc_flyedit.cpp
e:\王雪冰\工作\项目相关\飞行包编辑\flyedit\flyedit\generatedfiles\ui_flyedit.h
e:\王雪冰\工作\项目相关\飞行包编辑\flyedit\flyedit\generatedfiles\debug\moc_flyedit.cpp
e:\王雪冰\工作\项目相关\飞行包编辑\flyedit\x64\debug\flyedit.ilk
e:\王雪冰\工作\项目相关\飞行包编辑\flyedit\x64\debug\flyedit.exe
e:\王雪冰\工作\项目相关\飞行包编辑\flyedit\x64\debug\flyedit.pdb
e:\王雪冰\工作\项目相关\飞行包编辑\flyedit\flyedit\x64\debug\flyedit.tlog\cl.command.1.tlog
e:\王雪冰\工作\项目相关\飞行包编辑\flyedit\flyedit\x64\debug\flyedit.tlog\cl.read.1.tlog
e:\王雪冰\工作\项目相关\飞行包编辑\flyedit\flyedit\x64\debug\flyedit.tlog\cl.write.1.tlog
e:\王雪冰\工作\项目相关\飞行包编辑\flyedit\flyedit\x64\debug\flyedit.tlog\custombuild.command.1.tlog
e:\王雪冰\工作\项目相关\飞行包编辑\flyedit\flyedit\x64\debug\flyedit.tlog\custombuild.read.1.tlog
e:\王雪冰\工作\项目相关\飞行包编辑\flyedit\flyedit\x64\debug\flyedit.tlog\custombuild.write.1.tlog
e:\王雪冰\工作\项目相关\飞行包编辑\flyedit\flyedit\x64\debug\flyedit.tlog\link.command.1.tlog
e:\王雪冰\工作\项目相关\飞行包编辑\flyedit\flyedit\x64\debug\flyedit.tlog\link.read.1.tlog
e:\王雪冰\工作\项目相关\飞行包编辑\flyedit\flyedit\x64\debug\flyedit.tlog\link.write.1.tlog
